2021-06-29 11:42:30.663  INFO 21992 --- [restartedMain] c.e.e.EmployeePayrollApplication         : Starting EmployeePayrollApplication using Java 15.0.2 on LAPTOP-Q9T3UUC8 with PID 21992 (C:\Users\tanya\Documents\workspace-spring-tool-suite-4-4.10.0.RELEASE\employeePayroll\bin\main started by tanya in C:\Users\tanya\Documents\workspace-spring-tool-suite-4-4.10.0.RELEASE\employeePayroll)
2021-06-29 11:42:30.673 DEBUG 21992 --- [restartedMain] c.e.e.EmployeePayrollApplication         : Running with Spring Boot v2.5.1, Spring v5.3.8
2021-06-29 11:42:30.674  INFO 21992 --- [restartedMain] c.e.e.EmployeePayrollApplication         : The following profiles are active: dev
2021-06-29 11:42:33.620  WARN 21992 --- [restartedMain] JpaBaseConfiguration$JpaWebConfiguration : spring.jpa.open-in-view is enabled by default. Therefore, database queries may be performed during view rendering. Explicitly configure spring.jpa.open-in-view to disable this warning
2021-06-29 11:42:34.099  INFO 21992 --- [restartedMain] c.e.e.EmployeePayrollApplication         : Started EmployeePayrollApplication in 3.851 seconds (JVM running for 5.069)
2021-06-29 11:42:34.103  INFO 21992 --- [restartedMain] c.e.e.EmployeePayrollApplication         : Employee Payroll app started in DEV environment
2021-06-29 11:45:19.983  WARN 21992 --- [http-nio-8080-exec-2] .w.s.m.s.DefaultHandlerExceptionResolver : Resolved [org.springframework.web.HttpRequestMethodNotSupportedException: Request method 'GET' not supported]
2021-06-29 11:45:26.424  WARN 21992 --- [http-nio-8080-exec-3] .w.s.m.s.DefaultHandlerExceptionResolver : Resolved [org.springframework.http.converter.HttpMessageNotReadableException: JSON parse error: Cannot deserialize value of type `java.time.LocalDate` from String "12/05/2000": Failed to deserialize java.time.LocalDate: (java.time.format.DateTimeParseException) Text '12/05/2000' could not be parsed at index 0; nested exception is com.fasterxml.jackson.databind.exc.InvalidFormatException: Cannot deserialize value of type `java.time.LocalDate` from String "12/05/2000": Failed to deserialize java.time.LocalDate: (java.time.format.DateTimeParseException) Text '12/05/2000' could not be parsed at index 0
 at [Source: (PushbackInputStream); line: 5, column: 13] (through reference chain: com.example.employeepayroll.DTO.EmployeePayrollDTO["startDate"])]
2021-06-29 11:45:54.680  INFO 21992 --- [restartedMain] c.e.e.EmployeePayrollApplication         : Starting EmployeePayrollApplication using Java 15.0.2 on LAPTOP-Q9T3UUC8 with PID 21992 (C:\Users\tanya\Documents\workspace-spring-tool-suite-4-4.10.0.RELEASE\employeePayroll\bin\main started by tanya in C:\Users\tanya\Documents\workspace-spring-tool-suite-4-4.10.0.RELEASE\employeePayroll)
2021-06-29 11:45:54.681 DEBUG 21992 --- [restartedMain] c.e.e.EmployeePayrollApplication         : Running with Spring Boot v2.5.1, Spring v5.3.8
2021-06-29 11:45:54.681  INFO 21992 --- [restartedMain] c.e.e.EmployeePayrollApplication         : The following profiles are active: dev
2021-06-29 11:45:55.080  WARN 21992 --- [restartedMain] JpaBaseConfiguration$JpaWebConfiguration : spring.jpa.open-in-view is enabled by default. Therefore, database queries may be performed during view rendering. Explicitly configure spring.jpa.open-in-view to disable this warning
2021-06-29 11:45:55.173  INFO 21992 --- [restartedMain] c.e.e.EmployeePayrollApplication         : Started EmployeePayrollApplication in 0.535 seconds (JVM running for 206.144)
2021-06-29 11:45:55.176  INFO 21992 --- [restartedMain] c.e.e.EmployeePayrollApplication         : Employee Payroll app started in DEV environment
2021-06-29 11:46:37.983  INFO 21992 --- [restartedMain] c.e.e.EmployeePayrollApplication         : Starting EmployeePayrollApplication using Java 15.0.2 on LAPTOP-Q9T3UUC8 with PID 21992 (C:\Users\tanya\Documents\workspace-spring-tool-suite-4-4.10.0.RELEASE\employeePayroll\bin\main started by tanya in C:\Users\tanya\Documents\workspace-spring-tool-suite-4-4.10.0.RELEASE\employeePayroll)
2021-06-29 11:46:37.984 DEBUG 21992 --- [restartedMain] c.e.e.EmployeePayrollApplication         : Running with Spring Boot v2.5.1, Spring v5.3.8
2021-06-29 11:46:37.984  INFO 21992 --- [restartedMain] c.e.e.EmployeePayrollApplication         : The following profiles are active: dev
2021-06-29 11:46:38.324  WARN 21992 --- [restartedMain] JpaBaseConfiguration$JpaWebConfiguration : spring.jpa.open-in-view is enabled by default. Therefore, database queries may be performed during view rendering. Explicitly configure spring.jpa.open-in-view to disable this warning
2021-06-29 11:46:38.414  INFO 21992 --- [restartedMain] c.e.e.EmployeePayrollApplication         : Started EmployeePayrollApplication in 0.484 seconds (JVM running for 249.384)
2021-06-29 11:46:38.416  INFO 21992 --- [restartedMain] c.e.e.EmployeePayrollApplication         : Employee Payroll app started in DEV environment
2021-06-29 11:49:13.910  INFO 21992 --- [restartedMain] c.e.e.EmployeePayrollApplication         : Starting EmployeePayrollApplication using Java 15.0.2 on LAPTOP-Q9T3UUC8 with PID 21992 (C:\Users\tanya\Documents\workspace-spring-tool-suite-4-4.10.0.RELEASE\employeePayroll\bin\main started by tanya in C:\Users\tanya\Documents\workspace-spring-tool-suite-4-4.10.0.RELEASE\employeePayroll)
2021-06-29 11:49:13.910 DEBUG 21992 --- [restartedMain] c.e.e.EmployeePayrollApplication         : Running with Spring Boot v2.5.1, Spring v5.3.8
2021-06-29 11:49:13.910  INFO 21992 --- [restartedMain] c.e.e.EmployeePayrollApplication         : The following profiles are active: dev
2021-06-29 11:49:14.261  WARN 21992 --- [restartedMain] JpaBaseConfiguration$JpaWebConfiguration : spring.jpa.open-in-view is enabled by default. Therefore, database queries may be performed during view rendering. Explicitly configure spring.jpa.open-in-view to disable this warning
2021-06-29 11:49:14.343  INFO 21992 --- [restartedMain] c.e.e.EmployeePayrollApplication         : Started EmployeePayrollApplication in 0.467 seconds (JVM running for 405.314)
2021-06-29 11:49:14.346  INFO 21992 --- [restartedMain] c.e.e.EmployeePayrollApplication         : Employee Payroll app started in DEV environment
2021-06-29 11:49:26.102  INFO 21992 --- [restartedMain] c.e.e.EmployeePayrollApplication         : Starting EmployeePayrollApplication using Java 15.0.2 on LAPTOP-Q9T3UUC8 with PID 21992 (C:\Users\tanya\Documents\workspace-spring-tool-suite-4-4.10.0.RELEASE\employeePayroll\bin\main started by tanya in C:\Users\tanya\Documents\workspace-spring-tool-suite-4-4.10.0.RELEASE\employeePayroll)
2021-06-29 11:49:26.102 DEBUG 21992 --- [restartedMain] c.e.e.EmployeePayrollApplication         : Running with Spring Boot v2.5.1, Spring v5.3.8
2021-06-29 11:49:26.103  INFO 21992 --- [restartedMain] c.e.e.EmployeePayrollApplication         : The following profiles are active: dev
2021-06-29 11:49:26.437  WARN 21992 --- [restartedMain] JpaBaseConfiguration$JpaWebConfiguration : spring.jpa.open-in-view is enabled by default. Therefore, database queries may be performed during view rendering. Explicitly configure spring.jpa.open-in-view to disable this warning
2021-06-29 11:49:26.521  INFO 21992 --- [restartedMain] c.e.e.EmployeePayrollApplication         : Started EmployeePayrollApplication in 0.452 seconds (JVM running for 417.491)
2021-06-29 11:49:26.524  INFO 21992 --- [restartedMain] c.e.e.EmployeePayrollApplication         : Employee Payroll app started in DEV environment
2021-06-29 11:49:51.496  WARN 21992 --- [http-nio-8080-exec-3] .w.s.m.s.DefaultHandlerExceptionResolver : Resolved [org.springframework.http.converter.HttpMessageNotReadableException: JSON parse error: Unexpected character ('/' (code 47)): maybe a (non-standard) comment? (not recognized as one since Feature 'ALLOW_COMMENTS' not enabled for parser); nested exception is com.fasterxml.jackson.core.JsonParseException: Unexpected character ('/' (code 47)): maybe a (non-standard) comment? (not recognized as one since Feature 'ALLOW_COMMENTS' not enabled for parser)
 at [Source: (PushbackInputStream); line: 5, column: 16]]
2021-06-29 11:50:05.898  INFO 21992 --- [restartedMain] c.e.e.EmployeePayrollApplication         : Starting EmployeePayrollApplication using Java 15.0.2 on LAPTOP-Q9T3UUC8 with PID 21992 (C:\Users\tanya\Documents\workspace-spring-tool-suite-4-4.10.0.RELEASE\employeePayroll\bin\main started by tanya in C:\Users\tanya\Documents\workspace-spring-tool-suite-4-4.10.0.RELEASE\employeePayroll)
2021-06-29 11:50:05.899 DEBUG 21992 --- [restartedMain] c.e.e.EmployeePayrollApplication         : Running with Spring Boot v2.5.1, Spring v5.3.8
2021-06-29 11:50:05.899  INFO 21992 --- [restartedMain] c.e.e.EmployeePayrollApplication         : The following profiles are active: dev
2021-06-29 11:50:06.247  WARN 21992 --- [restartedMain] JpaBaseConfiguration$JpaWebConfiguration : spring.jpa.open-in-view is enabled by default. Therefore, database queries may be performed during view rendering. Explicitly configure spring.jpa.open-in-view to disable this warning
2021-06-29 11:50:06.337  INFO 21992 --- [restartedMain] c.e.e.EmployeePayrollApplication         : Started EmployeePayrollApplication in 0.477 seconds (JVM running for 457.307)
2021-06-29 11:50:06.341  INFO 21992 --- [restartedMain] c.e.e.EmployeePayrollApplication         : Employee Payroll app started in DEV environment
2021-06-29 11:50:19.205  INFO 21992 --- [restartedMain] c.e.e.EmployeePayrollApplication         : Starting EmployeePayrollApplication using Java 15.0.2 on LAPTOP-Q9T3UUC8 with PID 21992 (C:\Users\tanya\Documents\workspace-spring-tool-suite-4-4.10.0.RELEASE\employeePayroll\bin\main started by tanya in C:\Users\tanya\Documents\workspace-spring-tool-suite-4-4.10.0.RELEASE\employeePayroll)
2021-06-29 11:50:19.206 DEBUG 21992 --- [restartedMain] c.e.e.EmployeePayrollApplication         : Running with Spring Boot v2.5.1, Spring v5.3.8
2021-06-29 11:50:19.206  INFO 21992 --- [restartedMain] c.e.e.EmployeePayrollApplication         : The following profiles are active: dev
2021-06-29 11:50:19.666  WARN 21992 --- [restartedMain] JpaBaseConfiguration$JpaWebConfiguration : spring.jpa.open-in-view is enabled by default. Therefore, database queries may be performed during view rendering. Explicitly configure spring.jpa.open-in-view to disable this warning
2021-06-29 11:50:19.741  INFO 21992 --- [restartedMain] c.e.e.EmployeePayrollApplication         : Started EmployeePayrollApplication in 0.564 seconds (JVM running for 470.711)
2021-06-29 11:50:19.743  INFO 21992 --- [restartedMain] c.e.e.EmployeePayrollApplication         : Employee Payroll app started in DEV environment
